Created by PLY version 3.11 (http://www.dabeaz.com/ply)

Grammar

Rule 0     S' -> SourceCode
Rule 1     SourceCode -> ENDMARKER
Rule 2     SourceCode -> FileContent ENDMARKER
Rule 3     FileContent -> FileContent Statement
Rule 4     FileContent -> Statement
Rule 5     FileContent -> empty
Rule 6     empty -> <empty>
Rule 7     Statement -> Assignment
Rule 8     Statement -> PrintSomething
Rule 9     Statement -> Something_Conditional
Rule 10    Statement -> Expression
Rule 11    Assignment -> IDENTIFIER EQUAL Expression
Rule 12    Something_Conditional -> IF Expression LEFT_BRACKET FileContent RIGHT_BRACKET
Rule 13    Something_Conditional -> WHILE Expression LEFT_BRACKET FileContent RIGHT_BRACKET
Rule 14    Expression -> Expression PLUS Expression
Rule 15    Expression -> Expression MINUS Expression
Rule 16    Expression -> Expression TIMES Expression
Rule 17    Expression -> Expression DIVIDE Expression
Rule 18    Expression -> NUMBER
Rule 19    Expression -> STRING
Rule 20    Expression -> IDENTIFIER
Rule 21    Expression -> LEFT_PAREN Expression RIGHT_PAREN
Rule 22    Expression -> MINUS Expression
Rule 23    PrintSomething -> PRINT LEFT_PAREN Expression RIGHT_PAREN

Terminals, with rules where they appear

DIVIDE               : 17
ENDMARKER            : 1 2
EQUAL                : 11
IDENTIFIER           : 11 20
IF                   : 12
LEFT_BRACKET         : 12 13
LEFT_PAREN           : 21 23
MINUS                : 15 22
NUMBER               : 18
PLUS                 : 14
PRINT                : 23
RIGHT_BRACKET        : 12 13
RIGHT_PAREN          : 21 23
STRING               : 19
TIMES                : 16
WHILE                : 13
error                : 

Nonterminals, with rules where they appear

Assignment           : 7
Expression           : 10 11 12 13 14 14 15 15 16 16 17 17 21 22 23
FileContent          : 2 3 12 13
PrintSomething       : 8
Something_Conditional : 9
SourceCode           : 0
Statement            : 3 4
empty                : 5

Parsing method: LALR

state 0

    (0) S' -> . SourceCode
    (1) SourceCode -> . ENDMARKER
    (2) SourceCode -> . FileContent ENDMARKER
    (3) FileContent -> . FileContent Statement
    (4) FileContent -> . Statement
    (5) FileContent -> . empty
    (7) Statement -> . Assignment
    (8) Statement -> . PrintSomething
    (9) Statement -> . Something_Conditional
    (10) Statement -> . Expression
    (6) empty -> .
    (11) Assignment -> . IDENTIFIER EQUAL Expression
    (23) PrintSomething -> . PRINT LEFT_PAREN Expression RIGHT_PAREN
    (12) Something_Conditional -> . IF Expression LEFT_BRACKET FileContent RIGHT_BRACKET
    (13) Something_Conditional -> . WHILE Expression LEFT_BRACKET FileContent RIGHT_BRACKET
    (14) Expression -> . Expression PLUS Expression
    (15) Expression -> . Expression MINUS Expression
    (16) Expression -> . Expression TIMES Expression
    (17) Expression -> . Expression DIVIDE Expression
    (18) Expression -> . NUMBER
    (19) Expression -> . STRING
    (20) Expression -> . IDENTIFIER
    (21) Expression -> . LEFT_PAREN Expression RIGHT_PAREN
    (22) Expression -> . MINUS Expression

  ! shift/reduce conflict for ENDMARKER resolved as shift
  ! shift/reduce conflict for IDENTIFIER resolved as shift
  ! shift/reduce conflict for PRINT resolved as shift
  ! shift/reduce conflict for IF resolved as shift
  ! shift/reduce conflict for WHILE resolved as shift
  ! shift/reduce conflict for NUMBER resolved as shift
  ! shift/reduce conflict for STRING resolved as shift
  ! shift/reduce conflict for LEFT_PAREN resolved as shift
  ! shift/reduce conflict for MINUS resolved as shift
    ENDMARKER       shift and go to state 2
    IDENTIFIER      shift and go to state 10
    PRINT           shift and go to state 11
    IF              shift and go to state 13
    WHILE           shift and go to state 14
    NUMBER          shift and go to state 16
    STRING          shift and go to state 17
    LEFT_PAREN      shift and go to state 12
    MINUS           shift and go to state 15

  ! ENDMARKER       [ reduce using rule 6 (empty -> .) ]
  ! IDENTIFIER      [ reduce using rule 6 (empty -> .) ]
  ! PRINT           [ reduce using rule 6 (empty -> .) ]
  ! IF              [ reduce using rule 6 (empty -> .) ]
  ! WHILE           [ reduce using rule 6 (empty -> .) ]
  ! NUMBER          [ reduce using rule 6 (empty -> .) ]
  ! STRING          [ reduce using rule 6 (empty -> .) ]
  ! LEFT_PAREN      [ reduce using rule 6 (empty -> .) ]
  ! MINUS           [ reduce using rule 6 (empty -> .) ]

    SourceCode                     shift and go to state 1
    FileContent                    shift and go to state 3
    Statement                      shift and go to state 4
    empty                          shift and go to state 5
    Assignment                     shift and go to state 6
    PrintSomething                 shift and go to state 7
    Something_Conditional          shift and go to state 8
    Expression                     shift and go to state 9

state 1

    (0) S' -> SourceCode .



state 2

    (1) SourceCode -> ENDMARKER .

    $end            reduce using rule 1 (SourceCode -> ENDMARKER .)


state 3

    (2) SourceCode -> FileContent . ENDMARKER
    (3) FileContent -> FileContent . Statement
    (7) Statement -> . Assignment
    (8) Statement -> . PrintSomething
    (9) Statement -> . Something_Conditional
    (10) Statement -> . Expression
    (11) Assignment -> . IDENTIFIER EQUAL Expression
    (23) PrintSomething -> . PRINT LEFT_PAREN Expression RIGHT_PAREN
    (12) Something_Conditional -> . IF Expression LEFT_BRACKET FileContent RIGHT_BRACKET
    (13) Something_Conditional -> . WHILE Expression LEFT_BRACKET FileContent RIGHT_BRACKET
    (14) Expression -> . Expression PLUS Expression
    (15) Expression -> . Expression MINUS Expression
    (16) Expression -> . Expression TIMES Expression
    (17) Expression -> . Expression DIVIDE Expression
    (18) Expression -> . NUMBER
    (19) Expression -> . STRING
    (20) Expression -> . IDENTIFIER
    (21) Expression -> . LEFT_PAREN Expression RIGHT_PAREN
    (22) Expression -> . MINUS Expression

    ENDMARKER       shift and go to state 18
    IDENTIFIER      shift and go to state 10
    PRINT           shift and go to state 11
    IF              shift and go to state 13
    WHILE           shift and go to state 14
    NUMBER          shift and go to state 16
    STRING          shift and go to state 17
    LEFT_PAREN      shift and go to state 12
    MINUS           shift and go to state 15

    Statement                      shift and go to state 19
    Assignment                     shift and go to state 6
    PrintSomething                 shift and go to state 7
    Something_Conditional          shift and go to state 8
    Expression                     shift and go to state 9

state 4

    (4) FileContent -> Statement .

    ENDMARKER       reduce using rule 4 (FileContent -> Statement .)
    IDENTIFIER      reduce using rule 4 (FileContent -> Statement .)
    PRINT           reduce using rule 4 (FileContent -> Statement .)
    IF              reduce using rule 4 (FileContent -> Statement .)
    WHILE           reduce using rule 4 (FileContent -> Statement .)
    NUMBER          reduce using rule 4 (FileContent -> Statement .)
    STRING          reduce using rule 4 (FileContent -> Statement .)
    LEFT_PAREN      reduce using rule 4 (FileContent -> Statement .)
    MINUS           reduce using rule 4 (FileContent -> Statement .)
    RIGHT_BRACKET   reduce using rule 4 (FileContent -> Statement .)


state 5

    (5) FileContent -> empty .

    ENDMARKER       reduce using rule 5 (FileContent -> empty .)
    IDENTIFIER      reduce using rule 5 (FileContent -> empty .)
    PRINT           reduce using rule 5 (FileContent -> empty .)
    IF              reduce using rule 5 (FileContent -> empty .)
    WHILE           reduce using rule 5 (FileContent -> empty .)
    NUMBER          reduce using rule 5 (FileContent -> empty .)
    STRING          reduce using rule 5 (FileContent -> empty .)
    LEFT_PAREN      reduce using rule 5 (FileContent -> empty .)
    MINUS           reduce using rule 5 (FileContent -> empty .)
    RIGHT_BRACKET   reduce using rule 5 (FileContent -> empty .)


state 6

    (7) Statement -> Assignment .

    ENDMARKER       reduce using rule 7 (Statement -> Assignment .)
    IDENTIFIER      reduce using rule 7 (Statement -> Assignment .)
    PRINT           reduce using rule 7 (Statement -> Assignment .)
    IF              reduce using rule 7 (Statement -> Assignment .)
    WHILE           reduce using rule 7 (Statement -> Assignment .)
    NUMBER          reduce using rule 7 (Statement -> Assignment .)
    STRING          reduce using rule 7 (Statement -> Assignment .)
    LEFT_PAREN      reduce using rule 7 (Statement -> Assignment .)
    MINUS           reduce using rule 7 (Statement -> Assignment .)
    RIGHT_BRACKET   reduce using rule 7 (Statement -> Assignment .)


state 7

    (8) Statement -> PrintSomething .

    ENDMARKER       reduce using rule 8 (Statement -> PrintSomething .)
    IDENTIFIER      reduce using rule 8 (Statement -> PrintSomething .)
    PRINT           reduce using rule 8 (Statement -> PrintSomething .)
    IF              reduce using rule 8 (Statement -> PrintSomething .)
    WHILE           reduce using rule 8 (Statement -> PrintSomething .)
    NUMBER          reduce using rule 8 (Statement -> PrintSomething .)
    STRING          reduce using rule 8 (Statement -> PrintSomething .)
    LEFT_PAREN      reduce using rule 8 (Statement -> PrintSomething .)
    MINUS           reduce using rule 8 (Statement -> PrintSomething .)
    RIGHT_BRACKET   reduce using rule 8 (Statement -> PrintSomething .)


state 8

    (9) Statement -> Something_Conditional .

    ENDMARKER       reduce using rule 9 (Statement -> Something_Conditional .)
    IDENTIFIER      reduce using rule 9 (Statement -> Something_Conditional .)
    PRINT           reduce using rule 9 (Statement -> Something_Conditional .)
    IF              reduce using rule 9 (Statement -> Something_Conditional .)
    WHILE           reduce using rule 9 (Statement -> Something_Conditional .)
    NUMBER          reduce using rule 9 (Statement -> Something_Conditional .)
    STRING          reduce using rule 9 (Statement -> Something_Conditional .)
    LEFT_PAREN      reduce using rule 9 (Statement -> Something_Conditional .)
    MINUS           reduce using rule 9 (Statement -> Something_Conditional .)
    RIGHT_BRACKET   reduce using rule 9 (Statement -> Something_Conditional .)


state 9

    (10) Statement -> Expression .
    (14) Expression -> Expression . PLUS Expression
    (15) Expression -> Expression . MINUS Expression
    (16) Expression -> Expression . TIMES Expression
    (17) Expression -> Expression . DIVIDE Expression

  ! shift/reduce conflict for MINUS resolved as shift
    ENDMARKER       reduce using rule 10 (Statement -> Expression .)
    IDENTIFIER      reduce using rule 10 (Statement -> Expression .)
    PRINT           reduce using rule 10 (Statement -> Expression .)
    IF              reduce using rule 10 (Statement -> Expression .)
    WHILE           reduce using rule 10 (Statement -> Expression .)
    NUMBER          reduce using rule 10 (Statement -> Expression .)
    STRING          reduce using rule 10 (Statement -> Expression .)
    LEFT_PAREN      reduce using rule 10 (Statement -> Expression .)
    RIGHT_BRACKET   reduce using rule 10 (Statement -> Expression .)
    PLUS            shift and go to state 20
    MINUS           shift and go to state 21
    TIMES           shift and go to state 22
    DIVIDE          shift and go to state 23

  ! MINUS           [ reduce using rule 10 (Statement -> Expression .) ]


state 10

    (11) Assignment -> IDENTIFIER . EQUAL Expression
    (20) Expression -> IDENTIFIER .

    EQUAL           shift and go to state 24
    PLUS            reduce using rule 20 (Expression -> IDENTIFIER .)
    MINUS           reduce using rule 20 (Expression -> IDENTIFIER .)
    TIMES           reduce using rule 20 (Expression -> IDENTIFIER .)
    DIVIDE          reduce using rule 20 (Expression -> IDENTIFIER .)
    ENDMARKER       reduce using rule 20 (Expression -> IDENTIFIER .)
    IDENTIFIER      reduce using rule 20 (Expression -> IDENTIFIER .)
    PRINT           reduce using rule 20 (Expression -> IDENTIFIER .)
    IF              reduce using rule 20 (Expression -> IDENTIFIER .)
    WHILE           reduce using rule 20 (Expression -> IDENTIFIER .)
    NUMBER          reduce using rule 20 (Expression -> IDENTIFIER .)
    STRING          reduce using rule 20 (Expression -> IDENTIFIER .)
    LEFT_PAREN      reduce using rule 20 (Expression -> IDENTIFIER .)
    RIGHT_BRACKET   reduce using rule 20 (Expression -> IDENTIFIER .)


state 11

    (23) PrintSomething -> PRINT . LEFT_PAREN Expression RIGHT_PAREN

    LEFT_PAREN      shift and go to state 25


state 12

    (21) Expression -> LEFT_PAREN . Expression RIGHT_PAREN
    (14) Expression -> . Expression PLUS Expression
    (15) Expression -> . Expression MINUS Expression
    (16) Expression -> . Expression TIMES Expression
    (17) Expression -> . Expression DIVIDE Expression
    (18) Expression -> . NUMBER
    (19) Expression -> . STRING
    (20) Expression -> . IDENTIFIER
    (21) Expression -> . LEFT_PAREN Expression RIGHT_PAREN
    (22) Expression -> . MINUS Expression

    NUMBER          shift and go to state 16
    STRING          shift and go to state 17
    IDENTIFIER      shift and go to state 27
    LEFT_PAREN      shift and go to state 12
    MINUS           shift and go to state 15

    Expression                     shift and go to state 26

state 13

    (12) Something_Conditional -> IF . Expression LEFT_BRACKET FileContent RIGHT_BRACKET
    (14) Expression -> . Expression PLUS Expression
    (15) Expression -> . Expression MINUS Expression
    (16) Expression -> . Expression TIMES Expression
    (17) Expression -> . Expression DIVIDE Expression
    (18) Expression -> . NUMBER
    (19) Expression -> . STRING
    (20) Expression -> . IDENTIFIER
    (21) Expression -> . LEFT_PAREN Expression RIGHT_PAREN
    (22) Expression -> . MINUS Expression

    NUMBER          shift and go to state 16
    STRING          shift and go to state 17
    IDENTIFIER      shift and go to state 27
    LEFT_PAREN      shift and go to state 12
    MINUS           shift and go to state 15

    Expression                     shift and go to state 28

state 14

    (13) Something_Conditional -> WHILE . Expression LEFT_BRACKET FileContent RIGHT_BRACKET
    (14) Expression -> . Expression PLUS Expression
    (15) Expression -> . Expression MINUS Expression
    (16) Expression -> . Expression TIMES Expression
    (17) Expression -> . Expression DIVIDE Expression
    (18) Expression -> . NUMBER
    (19) Expression -> . STRING
    (20) Expression -> . IDENTIFIER
    (21) Expression -> . LEFT_PAREN Expression RIGHT_PAREN
    (22) Expression -> . MINUS Expression

    NUMBER          shift and go to state 16
    STRING          shift and go to state 17
    IDENTIFIER      shift and go to state 27
    LEFT_PAREN      shift and go to state 12
    MINUS           shift and go to state 15

    Expression                     shift and go to state 29

state 15

    (22) Expression -> MINUS . Expression
    (14) Expression -> . Expression PLUS Expression
    (15) Expression -> . Expression MINUS Expression
    (16) Expression -> . Expression TIMES Expression
    (17) Expression -> . Expression DIVIDE Expression
    (18) Expression -> . NUMBER
    (19) Expression -> . STRING
    (20) Expression -> . IDENTIFIER
    (21) Expression -> . LEFT_PAREN Expression RIGHT_PAREN
    (22) Expression -> . MINUS Expression

    NUMBER          shift and go to state 16
    STRING          shift and go to state 17
    IDENTIFIER      shift and go to state 27
    LEFT_PAREN      shift and go to state 12
    MINUS           shift and go to state 15

    Expression                     shift and go to state 30

state 16

    (18) Expression -> NUMBER .

    PLUS            reduce using rule 18 (Expression -> NUMBER .)
    MINUS           reduce using rule 18 (Expression -> NUMBER .)
    TIMES           reduce using rule 18 (Expression -> NUMBER .)
    DIVIDE          reduce using rule 18 (Expression -> NUMBER .)
    ENDMARKER       reduce using rule 18 (Expression -> NUMBER .)
    IDENTIFIER      reduce using rule 18 (Expression -> NUMBER .)
    PRINT           reduce using rule 18 (Expression -> NUMBER .)
    IF              reduce using rule 18 (Expression -> NUMBER .)
    WHILE           reduce using rule 18 (Expression -> NUMBER .)
    NUMBER          reduce using rule 18 (Expression -> NUMBER .)
    STRING          reduce using rule 18 (Expression -> NUMBER .)
    LEFT_PAREN      reduce using rule 18 (Expression -> NUMBER .)
    RIGHT_PAREN     reduce using rule 18 (Expression -> NUMBER .)
    LEFT_BRACKET    reduce using rule 18 (Expression -> NUMBER .)
    RIGHT_BRACKET   reduce using rule 18 (Expression -> NUMBER .)


state 17

    (19) Expression -> STRING .

    PLUS            reduce using rule 19 (Expression -> STRING .)
    MINUS           reduce using rule 19 (Expression -> STRING .)
    TIMES           reduce using rule 19 (Expression -> STRING .)
    DIVIDE          reduce using rule 19 (Expression -> STRING .)
    ENDMARKER       reduce using rule 19 (Expression -> STRING .)
    IDENTIFIER      reduce using rule 19 (Expression -> STRING .)
    PRINT           reduce using rule 19 (Expression -> STRING .)
    IF              reduce using rule 19 (Expression -> STRING .)
    WHILE           reduce using rule 19 (Expression -> STRING .)
    NUMBER          reduce using rule 19 (Expression -> STRING .)
    STRING          reduce using rule 19 (Expression -> STRING .)
    LEFT_PAREN      reduce using rule 19 (Expression -> STRING .)
    RIGHT_PAREN     reduce using rule 19 (Expression -> STRING .)
    LEFT_BRACKET    reduce using rule 19 (Expression -> STRING .)
    RIGHT_BRACKET   reduce using rule 19 (Expression -> STRING .)


state 18

    (2) SourceCode -> FileContent ENDMARKER .

    $end            reduce using rule 2 (SourceCode -> FileContent ENDMARKER .)


state 19

    (3) FileContent -> FileContent Statement .

    ENDMARKER       reduce using rule 3 (FileContent -> FileContent Statement .)
    IDENTIFIER      reduce using rule 3 (FileContent -> FileContent Statement .)
    PRINT           reduce using rule 3 (FileContent -> FileContent Statement .)
    IF              reduce using rule 3 (FileContent -> FileContent Statement .)
    WHILE           reduce using rule 3 (FileContent -> FileContent Statement .)
    NUMBER          reduce using rule 3 (FileContent -> FileContent Statement .)
    STRING          reduce using rule 3 (FileContent -> FileContent Statement .)
    LEFT_PAREN      reduce using rule 3 (FileContent -> FileContent Statement .)
    MINUS           reduce using rule 3 (FileContent -> FileContent Statement .)
    RIGHT_BRACKET   reduce using rule 3 (FileContent -> FileContent Statement .)


state 20

    (14) Expression -> Expression PLUS . Expression
    (14) Expression -> . Expression PLUS Expression
    (15) Expression -> . Expression MINUS Expression
    (16) Expression -> . Expression TIMES Expression
    (17) Expression -> . Expression DIVIDE Expression
    (18) Expression -> . NUMBER
    (19) Expression -> . STRING
    (20) Expression -> . IDENTIFIER
    (21) Expression -> . LEFT_PAREN Expression RIGHT_PAREN
    (22) Expression -> . MINUS Expression

    NUMBER          shift and go to state 16
    STRING          shift and go to state 17
    IDENTIFIER      shift and go to state 27
    LEFT_PAREN      shift and go to state 12
    MINUS           shift and go to state 15

    Expression                     shift and go to state 31

state 21

    (15) Expression -> Expression MINUS . Expression
    (14) Expression -> . Expression PLUS Expression
    (15) Expression -> . Expression MINUS Expression
    (16) Expression -> . Expression TIMES Expression
    (17) Expression -> . Expression DIVIDE Expression
    (18) Expression -> . NUMBER
    (19) Expression -> . STRING
    (20) Expression -> . IDENTIFIER
    (21) Expression -> . LEFT_PAREN Expression RIGHT_PAREN
    (22) Expression -> . MINUS Expression

    NUMBER          shift and go to state 16
    STRING          shift and go to state 17
    IDENTIFIER      shift and go to state 27
    LEFT_PAREN      shift and go to state 12
    MINUS           shift and go to state 15

    Expression                     shift and go to state 32

state 22

    (16) Expression -> Expression TIMES . Expression
    (14) Expression -> . Expression PLUS Expression
    (15) Expression -> . Expression MINUS Expression
    (16) Expression -> . Expression TIMES Expression
    (17) Expression -> . Expression DIVIDE Expression
    (18) Expression -> . NUMBER
    (19) Expression -> . STRING
    (20) Expression -> . IDENTIFIER
    (21) Expression -> . LEFT_PAREN Expression RIGHT_PAREN
    (22) Expression -> . MINUS Expression

    NUMBER          shift and go to state 16
    STRING          shift and go to state 17
    IDENTIFIER      shift and go to state 27
    LEFT_PAREN      shift and go to state 12
    MINUS           shift and go to state 15

    Expression                     shift and go to state 33

state 23

    (17) Expression -> Expression DIVIDE . Expression
    (14) Expression -> . Expression PLUS Expression
    (15) Expression -> . Expression MINUS Expression
    (16) Expression -> . Expression TIMES Expression
    (17) Expression -> . Expression DIVIDE Expression
    (18) Expression -> . NUMBER
    (19) Expression -> . STRING
    (20) Expression -> . IDENTIFIER
    (21) Expression -> . LEFT_PAREN Expression RIGHT_PAREN
    (22) Expression -> . MINUS Expression

    NUMBER          shift and go to state 16
    STRING          shift and go to state 17
    IDENTIFIER      shift and go to state 27
    LEFT_PAREN      shift and go to state 12
    MINUS           shift and go to state 15

    Expression                     shift and go to state 34

state 24

    (11) Assignment -> IDENTIFIER EQUAL . Expression
    (14) Expression -> . Expression PLUS Expression
    (15) Expression -> . Expression MINUS Expression
    (16) Expression -> . Expression TIMES Expression
    (17) Expression -> . Expression DIVIDE Expression
    (18) Expression -> . NUMBER
    (19) Expression -> . STRING
    (20) Expression -> . IDENTIFIER
    (21) Expression -> . LEFT_PAREN Expression RIGHT_PAREN
    (22) Expression -> . MINUS Expression

    NUMBER          shift and go to state 16
    STRING          shift and go to state 17
    IDENTIFIER      shift and go to state 27
    LEFT_PAREN      shift and go to state 12
    MINUS           shift and go to state 15

    Expression                     shift and go to state 35

state 25

    (23) PrintSomething -> PRINT LEFT_PAREN . Expression RIGHT_PAREN
    (14) Expression -> . Expression PLUS Expression
    (15) Expression -> . Expression MINUS Expression
    (16) Expression -> . Expression TIMES Expression
    (17) Expression -> . Expression DIVIDE Expression
    (18) Expression -> . NUMBER
    (19) Expression -> . STRING
    (20) Expression -> . IDENTIFIER
    (21) Expression -> . LEFT_PAREN Expression RIGHT_PAREN
    (22) Expression -> . MINUS Expression

    NUMBER          shift and go to state 16
    STRING          shift and go to state 17
    IDENTIFIER      shift and go to state 27
    LEFT_PAREN      shift and go to state 12
    MINUS           shift and go to state 15

    Expression                     shift and go to state 36

state 26

    (21) Expression -> LEFT_PAREN Expression . RIGHT_PAREN
    (14) Expression -> Expression . PLUS Expression
    (15) Expression -> Expression . MINUS Expression
    (16) Expression -> Expression . TIMES Expression
    (17) Expression -> Expression . DIVIDE Expression

    RIGHT_PAREN     shift and go to state 37
    PLUS            shift and go to state 20
    MINUS           shift and go to state 21
    TIMES           shift and go to state 22
    DIVIDE          shift and go to state 23


state 27

    (20) Expression -> IDENTIFIER .

    RIGHT_PAREN     reduce using rule 20 (Expression -> IDENTIFIER .)
    PLUS            reduce using rule 20 (Expression -> IDENTIFIER .)
    MINUS           reduce using rule 20 (Expression -> IDENTIFIER .)
    TIMES           reduce using rule 20 (Expression -> IDENTIFIER .)
    DIVIDE          reduce using rule 20 (Expression -> IDENTIFIER .)
    LEFT_BRACKET    reduce using rule 20 (Expression -> IDENTIFIER .)
    ENDMARKER       reduce using rule 20 (Expression -> IDENTIFIER .)
    IDENTIFIER      reduce using rule 20 (Expression -> IDENTIFIER .)
    PRINT           reduce using rule 20 (Expression -> IDENTIFIER .)
    IF              reduce using rule 20 (Expression -> IDENTIFIER .)
    WHILE           reduce using rule 20 (Expression -> IDENTIFIER .)
    NUMBER          reduce using rule 20 (Expression -> IDENTIFIER .)
    STRING          reduce using rule 20 (Expression -> IDENTIFIER .)
    LEFT_PAREN      reduce using rule 20 (Expression -> IDENTIFIER .)
    RIGHT_BRACKET   reduce using rule 20 (Expression -> IDENTIFIER .)


state 28

    (12) Something_Conditional -> IF Expression . LEFT_BRACKET FileContent RIGHT_BRACKET
    (14) Expression -> Expression . PLUS Expression
    (15) Expression -> Expression . MINUS Expression
    (16) Expression -> Expression . TIMES Expression
    (17) Expression -> Expression . DIVIDE Expression

    LEFT_BRACKET    shift and go to state 38
    PLUS            shift and go to state 20
    MINUS           shift and go to state 21
    TIMES           shift and go to state 22
    DIVIDE          shift and go to state 23


state 29

    (13) Something_Conditional -> WHILE Expression . LEFT_BRACKET FileContent RIGHT_BRACKET
    (14) Expression -> Expression . PLUS Expression
    (15) Expression -> Expression . MINUS Expression
    (16) Expression -> Expression . TIMES Expression
    (17) Expression -> Expression . DIVIDE Expression

    LEFT_BRACKET    shift and go to state 39
    PLUS            shift and go to state 20
    MINUS           shift and go to state 21
    TIMES           shift and go to state 22
    DIVIDE          shift and go to state 23


state 30

    (22) Expression -> MINUS Expression .
    (14) Expression -> Expression . PLUS Expression
    (15) Expression -> Expression . MINUS Expression
    (16) Expression -> Expression . TIMES Expression
    (17) Expression -> Expression . DIVIDE Expression

    PLUS            reduce using rule 22 (Expression -> MINUS Expression .)
    MINUS           reduce using rule 22 (Expression -> MINUS Expression .)
    TIMES           reduce using rule 22 (Expression -> MINUS Expression .)
    DIVIDE          reduce using rule 22 (Expression -> MINUS Expression .)
    ENDMARKER       reduce using rule 22 (Expression -> MINUS Expression .)
    IDENTIFIER      reduce using rule 22 (Expression -> MINUS Expression .)
    PRINT           reduce using rule 22 (Expression -> MINUS Expression .)
    IF              reduce using rule 22 (Expression -> MINUS Expression .)
    WHILE           reduce using rule 22 (Expression -> MINUS Expression .)
    NUMBER          reduce using rule 22 (Expression -> MINUS Expression .)
    STRING          reduce using rule 22 (Expression -> MINUS Expression .)
    LEFT_PAREN      reduce using rule 22 (Expression -> MINUS Expression .)
    RIGHT_PAREN     reduce using rule 22 (Expression -> MINUS Expression .)
    LEFT_BRACKET    reduce using rule 22 (Expression -> MINUS Expression .)
    RIGHT_BRACKET   reduce using rule 22 (Expression -> MINUS Expression .)

  ! PLUS            [ shift and go to state 20 ]
  ! MINUS           [ shift and go to state 21 ]
  ! TIMES           [ shift and go to state 22 ]
  ! DIVIDE          [ shift and go to state 23 ]


state 31

    (14) Expression -> Expression PLUS Expression .
    (14) Expression -> Expression . PLUS Expression
    (15) Expression -> Expression . MINUS Expression
    (16) Expression -> Expression . TIMES Expression
    (17) Expression -> Expression . DIVIDE Expression

    PLUS            reduce using rule 14 (Expression -> Expression PLUS Expression .)
    MINUS           reduce using rule 14 (Expression -> Expression PLUS Expression .)
    ENDMARKER       reduce using rule 14 (Expression -> Expression PLUS Expression .)
    IDENTIFIER      reduce using rule 14 (Expression -> Expression PLUS Expression .)
    PRINT           reduce using rule 14 (Expression -> Expression PLUS Expression .)
    IF              reduce using rule 14 (Expression -> Expression PLUS Expression .)
    WHILE           reduce using rule 14 (Expression -> Expression PLUS Expression .)
    NUMBER          reduce using rule 14 (Expression -> Expression PLUS Expression .)
    STRING          reduce using rule 14 (Expression -> Expression PLUS Expression .)
    LEFT_PAREN      reduce using rule 14 (Expression -> Expression PLUS Expression .)
    RIGHT_PAREN     reduce using rule 14 (Expression -> Expression PLUS Expression .)
    LEFT_BRACKET    reduce using rule 14 (Expression -> Expression PLUS Expression .)
    RIGHT_BRACKET   reduce using rule 14 (Expression -> Expression PLUS Expression .)
    TIMES           shift and go to state 22
    DIVIDE          shift and go to state 23

  ! TIMES           [ reduce using rule 14 (Expression -> Expression PLUS Expression .) ]
  ! DIVIDE          [ reduce using rule 14 (Expression -> Expression PLUS Expression .) ]
  ! PLUS            [ shift and go to state 20 ]
  ! MINUS           [ shift and go to state 21 ]


state 32

    (15) Expression -> Expression MINUS Expression .
    (14) Expression -> Expression . PLUS Expression
    (15) Expression -> Expression . MINUS Expression
    (16) Expression -> Expression . TIMES Expression
    (17) Expression -> Expression . DIVIDE Expression

    PLUS            reduce using rule 15 (Expression -> Expression MINUS Expression .)
    MINUS           reduce using rule 15 (Expression -> Expression MINUS Expression .)
    ENDMARKER       reduce using rule 15 (Expression -> Expression MINUS Expression .)
    IDENTIFIER      reduce using rule 15 (Expression -> Expression MINUS Expression .)
    PRINT           reduce using rule 15 (Expression -> Expression MINUS Expression .)
    IF              reduce using rule 15 (Expression -> Expression MINUS Expression .)
    WHILE           reduce using rule 15 (Expression -> Expression MINUS Expression .)
    NUMBER          reduce using rule 15 (Expression -> Expression MINUS Expression .)
    STRING          reduce using rule 15 (Expression -> Expression MINUS Expression .)
    LEFT_PAREN      reduce using rule 15 (Expression -> Expression MINUS Expression .)
    RIGHT_PAREN     reduce using rule 15 (Expression -> Expression MINUS Expression .)
    LEFT_BRACKET    reduce using rule 15 (Expression -> Expression MINUS Expression .)
    RIGHT_BRACKET   reduce using rule 15 (Expression -> Expression MINUS Expression .)
    TIMES           shift and go to state 22
    DIVIDE          shift and go to state 23

  ! TIMES           [ reduce using rule 15 (Expression -> Expression MINUS Expression .) ]
  ! DIVIDE          [ reduce using rule 15 (Expression -> Expression MINUS Expression .) ]
  ! PLUS            [ shift and go to state 20 ]
  ! MINUS           [ shift and go to state 21 ]


state 33

    (16) Expression -> Expression TIMES Expression .
    (14) Expression -> Expression . PLUS Expression
    (15) Expression -> Expression . MINUS Expression
    (16) Expression -> Expression . TIMES Expression
    (17) Expression -> Expression . DIVIDE Expression

    PLUS            reduce using rule 16 (Expression -> Expression TIMES Expression .)
    MINUS           reduce using rule 16 (Expression -> Expression TIMES Expression .)
    TIMES           reduce using rule 16 (Expression -> Expression TIMES Expression .)
    DIVIDE          reduce using rule 16 (Expression -> Expression TIMES Expression .)
    ENDMARKER       reduce using rule 16 (Expression -> Expression TIMES Expression .)
    IDENTIFIER      reduce using rule 16 (Expression -> Expression TIMES Expression .)
    PRINT           reduce using rule 16 (Expression -> Expression TIMES Expression .)
    IF              reduce using rule 16 (Expression -> Expression TIMES Expression .)
    WHILE           reduce using rule 16 (Expression -> Expression TIMES Expression .)
    NUMBER          reduce using rule 16 (Expression -> Expression TIMES Expression .)
    STRING          reduce using rule 16 (Expression -> Expression TIMES Expression .)
    LEFT_PAREN      reduce using rule 16 (Expression -> Expression TIMES Expression .)
    RIGHT_PAREN     reduce using rule 16 (Expression -> Expression TIMES Expression .)
    LEFT_BRACKET    reduce using rule 16 (Expression -> Expression TIMES Expression .)
    RIGHT_BRACKET   reduce using rule 16 (Expression -> Expression TIMES Expression .)

  ! PLUS            [ shift and go to state 20 ]
  ! MINUS           [ shift and go to state 21 ]
  ! TIMES           [ shift and go to state 22 ]
  ! DIVIDE          [ shift and go to state 23 ]


state 34

    (17) Expression -> Expression DIVIDE Expression .
    (14) Expression -> Expression . PLUS Expression
    (15) Expression -> Expression . MINUS Expression
    (16) Expression -> Expression . TIMES Expression
    (17) Expression -> Expression . DIVIDE Expression

    PLUS            reduce using rule 17 (Expression -> Expression DIVIDE Expression .)
    MINUS           reduce using rule 17 (Expression -> Expression DIVIDE Expression .)
    TIMES           reduce using rule 17 (Expression -> Expression DIVIDE Expression .)
    DIVIDE          reduce using rule 17 (Expression -> Expression DIVIDE Expression .)
    ENDMARKER       reduce using rule 17 (Expression -> Expression DIVIDE Expression .)
    IDENTIFIER      reduce using rule 17 (Expression -> Expression DIVIDE Expression .)
    PRINT           reduce using rule 17 (Expression -> Expression DIVIDE Expression .)
    IF              reduce using rule 17 (Expression -> Expression DIVIDE Expression .)
    WHILE           reduce using rule 17 (Expression -> Expression DIVIDE Expression .)
    NUMBER          reduce using rule 17 (Expression -> Expression DIVIDE Expression .)
    STRING          reduce using rule 17 (Expression -> Expression DIVIDE Expression .)
    LEFT_PAREN      reduce using rule 17 (Expression -> Expression DIVIDE Expression .)
    RIGHT_PAREN     reduce using rule 17 (Expression -> Expression DIVIDE Expression .)
    LEFT_BRACKET    reduce using rule 17 (Expression -> Expression DIVIDE Expression .)
    RIGHT_BRACKET   reduce using rule 17 (Expression -> Expression DIVIDE Expression .)

  ! PLUS            [ shift and go to state 20 ]
  ! MINUS           [ shift and go to state 21 ]
  ! TIMES           [ shift and go to state 22 ]
  ! DIVIDE          [ shift and go to state 23 ]


state 35

    (11) Assignment -> IDENTIFIER EQUAL Expression .
    (14) Expression -> Expression . PLUS Expression
    (15) Expression -> Expression . MINUS Expression
    (16) Expression -> Expression . TIMES Expression
    (17) Expression -> Expression . DIVIDE Expression

  ! shift/reduce conflict for MINUS resolved as shift
    ENDMARKER       reduce using rule 11 (Assignment -> IDENTIFIER EQUAL Expression .)
    IDENTIFIER      reduce using rule 11 (Assignment -> IDENTIFIER EQUAL Expression .)
    PRINT           reduce using rule 11 (Assignment -> IDENTIFIER EQUAL Expression .)
    IF              reduce using rule 11 (Assignment -> IDENTIFIER EQUAL Expression .)
    WHILE           reduce using rule 11 (Assignment -> IDENTIFIER EQUAL Expression .)
    NUMBER          reduce using rule 11 (Assignment -> IDENTIFIER EQUAL Expression .)
    STRING          reduce using rule 11 (Assignment -> IDENTIFIER EQUAL Expression .)
    LEFT_PAREN      reduce using rule 11 (Assignment -> IDENTIFIER EQUAL Expression .)
    RIGHT_BRACKET   reduce using rule 11 (Assignment -> IDENTIFIER EQUAL Expression .)
    PLUS            shift and go to state 20
    MINUS           shift and go to state 21
    TIMES           shift and go to state 22
    DIVIDE          shift and go to state 23

  ! MINUS           [ reduce using rule 11 (Assignment -> IDENTIFIER EQUAL Expression .) ]


state 36

    (23) PrintSomething -> PRINT LEFT_PAREN Expression . RIGHT_PAREN
    (14) Expression -> Expression . PLUS Expression
    (15) Expression -> Expression . MINUS Expression
    (16) Expression -> Expression . TIMES Expression
    (17) Expression -> Expression . DIVIDE Expression

    RIGHT_PAREN     shift and go to state 40
    PLUS            shift and go to state 20
    MINUS           shift and go to state 21
    TIMES           shift and go to state 22
    DIVIDE          shift and go to state 23


state 37

    (21) Expression -> LEFT_PAREN Expression RIGHT_PAREN .

    PLUS            reduce using rule 21 (Expression -> LEFT_PAREN Expression RIGHT_PAREN .)
    MINUS           reduce using rule 21 (Expression -> LEFT_PAREN Expression RIGHT_PAREN .)
    TIMES           reduce using rule 21 (Expression -> LEFT_PAREN Expression RIGHT_PAREN .)
    DIVIDE          reduce using rule 21 (Expression -> LEFT_PAREN Expression RIGHT_PAREN .)
    ENDMARKER       reduce using rule 21 (Expression -> LEFT_PAREN Expression RIGHT_PAREN .)
    IDENTIFIER      reduce using rule 21 (Expression -> LEFT_PAREN Expression RIGHT_PAREN .)
    PRINT           reduce using rule 21 (Expression -> LEFT_PAREN Expression RIGHT_PAREN .)
    IF              reduce using rule 21 (Expression -> LEFT_PAREN Expression RIGHT_PAREN .)
    WHILE           reduce using rule 21 (Expression -> LEFT_PAREN Expression RIGHT_PAREN .)
    NUMBER          reduce using rule 21 (Expression -> LEFT_PAREN Expression RIGHT_PAREN .)
    STRING          reduce using rule 21 (Expression -> LEFT_PAREN Expression RIGHT_PAREN .)
    LEFT_PAREN      reduce using rule 21 (Expression -> LEFT_PAREN Expression RIGHT_PAREN .)
    RIGHT_PAREN     reduce using rule 21 (Expression -> LEFT_PAREN Expression RIGHT_PAREN .)
    LEFT_BRACKET    reduce using rule 21 (Expression -> LEFT_PAREN Expression RIGHT_PAREN .)
    RIGHT_BRACKET   reduce using rule 21 (Expression -> LEFT_PAREN Expression RIGHT_PAREN .)


state 38

    (12) Something_Conditional -> IF Expression LEFT_BRACKET . FileContent RIGHT_BRACKET
    (3) FileContent -> . FileContent Statement
    (4) FileContent -> . Statement
    (5) FileContent -> . empty
    (7) Statement -> . Assignment
    (8) Statement -> . PrintSomething
    (9) Statement -> . Something_Conditional
    (10) Statement -> . Expression
    (6) empty -> .
    (11) Assignment -> . IDENTIFIER EQUAL Expression
    (23) PrintSomething -> . PRINT LEFT_PAREN Expression RIGHT_PAREN
    (12) Something_Conditional -> . IF Expression LEFT_BRACKET FileContent RIGHT_BRACKET
    (13) Something_Conditional -> . WHILE Expression LEFT_BRACKET FileContent RIGHT_BRACKET
    (14) Expression -> . Expression PLUS Expression
    (15) Expression -> . Expression MINUS Expression
    (16) Expression -> . Expression TIMES Expression
    (17) Expression -> . Expression DIVIDE Expression
    (18) Expression -> . NUMBER
    (19) Expression -> . STRING
    (20) Expression -> . IDENTIFIER
    (21) Expression -> . LEFT_PAREN Expression RIGHT_PAREN
    (22) Expression -> . MINUS Expression

  ! shift/reduce conflict for IDENTIFIER resolved as shift
  ! shift/reduce conflict for PRINT resolved as shift
  ! shift/reduce conflict for IF resolved as shift
  ! shift/reduce conflict for WHILE resolved as shift
  ! shift/reduce conflict for NUMBER resolved as shift
  ! shift/reduce conflict for STRING resolved as shift
  ! shift/reduce conflict for LEFT_PAREN resolved as shift
  ! shift/reduce conflict for MINUS resolved as shift
    RIGHT_BRACKET   reduce using rule 6 (empty -> .)
    IDENTIFIER      shift and go to state 10
    PRINT           shift and go to state 11
    IF              shift and go to state 13
    WHILE           shift and go to state 14
    NUMBER          shift and go to state 16
    STRING          shift and go to state 17
    LEFT_PAREN      shift and go to state 12
    MINUS           shift and go to state 15

  ! IDENTIFIER      [ reduce using rule 6 (empty -> .) ]
  ! PRINT           [ reduce using rule 6 (empty -> .) ]
  ! IF              [ reduce using rule 6 (empty -> .) ]
  ! WHILE           [ reduce using rule 6 (empty -> .) ]
  ! NUMBER          [ reduce using rule 6 (empty -> .) ]
  ! STRING          [ reduce using rule 6 (empty -> .) ]
  ! LEFT_PAREN      [ reduce using rule 6 (empty -> .) ]
  ! MINUS           [ reduce using rule 6 (empty -> .) ]

    Expression                     shift and go to state 9
    FileContent                    shift and go to state 41
    Statement                      shift and go to state 4
    empty                          shift and go to state 5
    Assignment                     shift and go to state 6
    PrintSomething                 shift and go to state 7
    Something_Conditional          shift and go to state 8

state 39

    (13) Something_Conditional -> WHILE Expression LEFT_BRACKET . FileContent RIGHT_BRACKET
    (3) FileContent -> . FileContent Statement
    (4) FileContent -> . Statement
    (5) FileContent -> . empty
    (7) Statement -> . Assignment
    (8) Statement -> . PrintSomething
    (9) Statement -> . Something_Conditional
    (10) Statement -> . Expression
    (6) empty -> .
    (11) Assignment -> . IDENTIFIER EQUAL Expression
    (23) PrintSomething -> . PRINT LEFT_PAREN Expression RIGHT_PAREN
    (12) Something_Conditional -> . IF Expression LEFT_BRACKET FileContent RIGHT_BRACKET
    (13) Something_Conditional -> . WHILE Expression LEFT_BRACKET FileContent RIGHT_BRACKET
    (14) Expression -> . Expression PLUS Expression
    (15) Expression -> . Expression MINUS Expression
    (16) Expression -> . Expression TIMES Expression
    (17) Expression -> . Expression DIVIDE Expression
    (18) Expression -> . NUMBER
    (19) Expression -> . STRING
    (20) Expression -> . IDENTIFIER
    (21) Expression -> . LEFT_PAREN Expression RIGHT_PAREN
    (22) Expression -> . MINUS Expression

  ! shift/reduce conflict for IDENTIFIER resolved as shift
  ! shift/reduce conflict for PRINT resolved as shift
  ! shift/reduce conflict for IF resolved as shift
  ! shift/reduce conflict for WHILE resolved as shift
  ! shift/reduce conflict for NUMBER resolved as shift
  ! shift/reduce conflict for STRING resolved as shift
  ! shift/reduce conflict for LEFT_PAREN resolved as shift
  ! shift/reduce conflict for MINUS resolved as shift
    RIGHT_BRACKET   reduce using rule 6 (empty -> .)
    IDENTIFIER      shift and go to state 10
    PRINT           shift and go to state 11
    IF              shift and go to state 13
    WHILE           shift and go to state 14
    NUMBER          shift and go to state 16
    STRING          shift and go to state 17
    LEFT_PAREN      shift and go to state 12
    MINUS           shift and go to state 15

  ! IDENTIFIER      [ reduce using rule 6 (empty -> .) ]
  ! PRINT           [ reduce using rule 6 (empty -> .) ]
  ! IF              [ reduce using rule 6 (empty -> .) ]
  ! WHILE           [ reduce using rule 6 (empty -> .) ]
  ! NUMBER          [ reduce using rule 6 (empty -> .) ]
  ! STRING          [ reduce using rule 6 (empty -> .) ]
  ! LEFT_PAREN      [ reduce using rule 6 (empty -> .) ]
  ! MINUS           [ reduce using rule 6 (empty -> .) ]

    Expression                     shift and go to state 9
    FileContent                    shift and go to state 42
    Statement                      shift and go to state 4
    empty                          shift and go to state 5
    Assignment                     shift and go to state 6
    PrintSomething                 shift and go to state 7
    Something_Conditional          shift and go to state 8

state 40

    (23) PrintSomething -> PRINT LEFT_PAREN Expression RIGHT_PAREN .

    ENDMARKER       reduce using rule 23 (PrintSomething -> PRINT LEFT_PAREN Expression RIGHT_PAREN .)
    IDENTIFIER      reduce using rule 23 (PrintSomething -> PRINT LEFT_PAREN Expression RIGHT_PAREN .)
    PRINT           reduce using rule 23 (PrintSomething -> PRINT LEFT_PAREN Expression RIGHT_PAREN .)
    IF              reduce using rule 23 (PrintSomething -> PRINT LEFT_PAREN Expression RIGHT_PAREN .)
    WHILE           reduce using rule 23 (PrintSomething -> PRINT LEFT_PAREN Expression RIGHT_PAREN .)
    NUMBER          reduce using rule 23 (PrintSomething -> PRINT LEFT_PAREN Expression RIGHT_PAREN .)
    STRING          reduce using rule 23 (PrintSomething -> PRINT LEFT_PAREN Expression RIGHT_PAREN .)
    LEFT_PAREN      reduce using rule 23 (PrintSomething -> PRINT LEFT_PAREN Expression RIGHT_PAREN .)
    MINUS           reduce using rule 23 (PrintSomething -> PRINT LEFT_PAREN Expression RIGHT_PAREN .)
    RIGHT_BRACKET   reduce using rule 23 (PrintSomething -> PRINT LEFT_PAREN Expression RIGHT_PAREN .)


state 41

    (12) Something_Conditional -> IF Expression LEFT_BRACKET FileContent . RIGHT_BRACKET
    (3) FileContent -> FileContent . Statement
    (7) Statement -> . Assignment
    (8) Statement -> . PrintSomething
    (9) Statement -> . Something_Conditional
    (10) Statement -> . Expression
    (11) Assignment -> . IDENTIFIER EQUAL Expression
    (23) PrintSomething -> . PRINT LEFT_PAREN Expression RIGHT_PAREN
    (12) Something_Conditional -> . IF Expression LEFT_BRACKET FileContent RIGHT_BRACKET
    (13) Something_Conditional -> . WHILE Expression LEFT_BRACKET FileContent RIGHT_BRACKET
    (14) Expression -> . Expression PLUS Expression
    (15) Expression -> . Expression MINUS Expression
    (16) Expression -> . Expression TIMES Expression
    (17) Expression -> . Expression DIVIDE Expression
    (18) Expression -> . NUMBER
    (19) Expression -> . STRING
    (20) Expression -> . IDENTIFIER
    (21) Expression -> . LEFT_PAREN Expression RIGHT_PAREN
    (22) Expression -> . MINUS Expression

    RIGHT_BRACKET   shift and go to state 43
    IDENTIFIER      shift and go to state 10
    PRINT           shift and go to state 11
    IF              shift and go to state 13
    WHILE           shift and go to state 14
    NUMBER          shift and go to state 16
    STRING          shift and go to state 17
    LEFT_PAREN      shift and go to state 12
    MINUS           shift and go to state 15

    Expression                     shift and go to state 9
    Statement                      shift and go to state 19
    Assignment                     shift and go to state 6
    PrintSomething                 shift and go to state 7
    Something_Conditional          shift and go to state 8

state 42

    (13) Something_Conditional -> WHILE Expression LEFT_BRACKET FileContent . RIGHT_BRACKET
    (3) FileContent -> FileContent . Statement
    (7) Statement -> . Assignment
    (8) Statement -> . PrintSomething
    (9) Statement -> . Something_Conditional
    (10) Statement -> . Expression
    (11) Assignment -> . IDENTIFIER EQUAL Expression
    (23) PrintSomething -> . PRINT LEFT_PAREN Expression RIGHT_PAREN
    (12) Something_Conditional -> . IF Expression LEFT_BRACKET FileContent RIGHT_BRACKET
    (13) Something_Conditional -> . WHILE Expression LEFT_BRACKET FileContent RIGHT_BRACKET
    (14) Expression -> . Expression PLUS Expression
    (15) Expression -> . Expression MINUS Expression
    (16) Expression -> . Expression TIMES Expression
    (17) Expression -> . Expression DIVIDE Expression
    (18) Expression -> . NUMBER
    (19) Expression -> . STRING
    (20) Expression -> . IDENTIFIER
    (21) Expression -> . LEFT_PAREN Expression RIGHT_PAREN
    (22) Expression -> . MINUS Expression

    RIGHT_BRACKET   shift and go to state 44
    IDENTIFIER      shift and go to state 10
    PRINT           shift and go to state 11
    IF              shift and go to state 13
    WHILE           shift and go to state 14
    NUMBER          shift and go to state 16
    STRING          shift and go to state 17
    LEFT_PAREN      shift and go to state 12
    MINUS           shift and go to state 15

    Expression                     shift and go to state 9
    Statement                      shift and go to state 19
    Assignment                     shift and go to state 6
    PrintSomething                 shift and go to state 7
    Something_Conditional          shift and go to state 8

state 43

    (12) Something_Conditional -> IF Expression LEFT_BRACKET FileContent RIGHT_BRACKET .

    ENDMARKER       reduce using rule 12 (Something_Conditional -> IF Expression LEFT_BRACKET FileContent RIGHT_BRACKET .)
    IDENTIFIER      reduce using rule 12 (Something_Conditional -> IF Expression LEFT_BRACKET FileContent RIGHT_BRACKET .)
    PRINT           reduce using rule 12 (Something_Conditional -> IF Expression LEFT_BRACKET FileContent RIGHT_BRACKET .)
    IF              reduce using rule 12 (Something_Conditional -> IF Expression LEFT_BRACKET FileContent RIGHT_BRACKET .)
    WHILE           reduce using rule 12 (Something_Conditional -> IF Expression LEFT_BRACKET FileContent RIGHT_BRACKET .)
    NUMBER          reduce using rule 12 (Something_Conditional -> IF Expression LEFT_BRACKET FileContent RIGHT_BRACKET .)
    STRING          reduce using rule 12 (Something_Conditional -> IF Expression LEFT_BRACKET FileContent RIGHT_BRACKET .)
    LEFT_PAREN      reduce using rule 12 (Something_Conditional -> IF Expression LEFT_BRACKET FileContent RIGHT_BRACKET .)
    MINUS           reduce using rule 12 (Something_Conditional -> IF Expression LEFT_BRACKET FileContent RIGHT_BRACKET .)
    RIGHT_BRACKET   reduce using rule 12 (Something_Conditional -> IF Expression LEFT_BRACKET FileContent RIGHT_BRACKET .)


state 44

    (13) Something_Conditional -> WHILE Expression LEFT_BRACKET FileContent RIGHT_BRACKET .

    ENDMARKER       reduce using rule 13 (Something_Conditional -> WHILE Expression LEFT_BRACKET FileContent RIGHT_BRACKET .)
    IDENTIFIER      reduce using rule 13 (Something_Conditional -> WHILE Expression LEFT_BRACKET FileContent RIGHT_BRACKET .)
    PRINT           reduce using rule 13 (Something_Conditional -> WHILE Expression LEFT_BRACKET FileContent RIGHT_BRACKET .)
    IF              reduce using rule 13 (Something_Conditional -> WHILE Expression LEFT_BRACKET FileContent RIGHT_BRACKET .)
    WHILE           reduce using rule 13 (Something_Conditional -> WHILE Expression LEFT_BRACKET FileContent RIGHT_BRACKET .)
    NUMBER          reduce using rule 13 (Something_Conditional -> WHILE Expression LEFT_BRACKET FileContent RIGHT_BRACKET .)
    STRING          reduce using rule 13 (Something_Conditional -> WHILE Expression LEFT_BRACKET FileContent RIGHT_BRACKET .)
    LEFT_PAREN      reduce using rule 13 (Something_Conditional -> WHILE Expression LEFT_BRACKET FileContent RIGHT_BRACKET .)
    MINUS           reduce using rule 13 (Something_Conditional -> WHILE Expression LEFT_BRACKET FileContent RIGHT_BRACKET .)
    RIGHT_BRACKET   reduce using rule 13 (Something_Conditional -> WHILE Expression LEFT_BRACKET FileContent RIGHT_BRACKET .)

WARNING: 
WARNING: Conflicts:
WARNING: 
WARNING: shift/reduce conflict for ENDMARKER in state 0 resolved as shift
WARNING: shift/reduce conflict for IDENTIFIER in state 0 resolved as shift
WARNING: shift/reduce conflict for PRINT in state 0 resolved as shift
WARNING: shift/reduce conflict for IF in state 0 resolved as shift
WARNING: shift/reduce conflict for WHILE in state 0 resolved as shift
WARNING: shift/reduce conflict for NUMBER in state 0 resolved as shift
WARNING: shift/reduce conflict for STRING in state 0 resolved as shift
WARNING: shift/reduce conflict for LEFT_PAREN in state 0 resolved as shift
WARNING: shift/reduce conflict for MINUS in state 0 resolved as shift
WARNING: shift/reduce conflict for MINUS in state 9 resolved as shift
WARNING: shift/reduce conflict for MINUS in state 35 resolved as shift
WARNING: shift/reduce conflict for IDENTIFIER in state 38 resolved as shift
WARNING: shift/reduce conflict for PRINT in state 38 resolved as shift
WARNING: shift/reduce conflict for IF in state 38 resolved as shift
WARNING: shift/reduce conflict for WHILE in state 38 resolved as shift
WARNING: shift/reduce conflict for NUMBER in state 38 resolved as shift
WARNING: shift/reduce conflict for STRING in state 38 resolved as shift
WARNING: shift/reduce conflict for LEFT_PAREN in state 38 resolved as shift
WARNING: shift/reduce conflict for MINUS in state 38 resolved as shift
WARNING: shift/reduce conflict for IDENTIFIER in state 39 resolved as shift
WARNING: shift/reduce conflict for PRINT in state 39 resolved as shift
WARNING: shift/reduce conflict for IF in state 39 resolved as shift
WARNING: shift/reduce conflict for WHILE in state 39 resolved as shift
WARNING: shift/reduce conflict for NUMBER in state 39 resolved as shift
WARNING: shift/reduce conflict for STRING in state 39 resolved as shift
WARNING: shift/reduce conflict for LEFT_PAREN in state 39 resolved as shift
WARNING: shift/reduce conflict for MINUS in state 39 resolved as shift
